#
# There is insufficient memory for the Java Runtime Environment to continue.
# Native memory allocation (malloc) failed to allocate 1048576 bytes for AllocateHeap
# Possible reasons:
#   The system is out of physical RAM or swap space
#   The process is running with CompressedOops enabled, and the Java Heap may be blocking the growth of the native heap
# Possible solutions:
#   Reduce memory load on the system
#   Increase physical memory or swap space
#   Check if swap backing store is full
#   Decrease Java heap size (-Xmx/-Xms)
#   Decrease number of Java threads
#   Decrease Java thread stack sizes (-Xss)
#   Set larger code cache with -XX:ReservedCodeCacheSize=
# This output file may be truncated or incomplete.
#
#  Out of Memory Error (./src/hotspot/share/memory/allocation.cpp:46), pid=42880, tid=99492
#
# JRE version:  (11.0.11+9) (build )
# Java VM: OpenJDK 64-Bit Server VM (11.0.11+9-b1504.16, mixed mode, sharing, tiered, compressed oops, g1 gc, windows-amd64)
# No core dump will be written. Minidumps are not enabled by default on client versions of Windows
#

---------------  S U M M A R Y ------------

Command Line: git4idea.http.GitAskPassApp Username for 'https://github.com': 

Host: Intel(R) Core(TM) i7-10875H CPU @ 2.30GHz, 16 cores, 39G,  Windows 10 , 64 bit Build 19041 (10.0.19041.1202)
Time: Wed Dec  1 17:36:40 2021 GMT Standard Time elapsed time: 0.015045 seconds (0d 0h 0m 0s)

---------------  T H R E A D  ---------------

Current thread (0x000001f419310800):  JavaThread "Unknown thread" [_thread_in_vm, id=99492, stack(0x000000bffdb00000,0x000000bffdc00000)]

Stack: [0x000000bffdb00000,0x000000bffdc00000]
Native frames: (J=compiled Java code, j=interpreted, Vv=VM code, C=native code)
V  [jvm.dll+0x5f5d5a]
V  [jvm.dll+0x7798b5]
V  [jvm.dll+0x77aecd]
V  [jvm.dll+0x77b583]
V  [jvm.dll+0x244978]
V  [jvm.dll+0xb49c4]
V  [jvm.dll+0x2e30b7]
V  [jvm.dll+0x2dc22a]
V  [jvm.dll+0x758057]
V  [jvm.dll+0x75984c]
V  [jvm.dll+0x35b659]
V  [jvm.dll+0x73b67e]
V  [jvm.dll+0x3c39f3]
V  [jvm.dll+0x3c5dd1]
C  [jli.dll+0x5373]
C  [ucrtbase.dll+0x21bb2]
C  [KERNEL32.DLL+0x17034]
C  [ntdll.dll+0x52651]


---------------  P R O C E S S  ---------------

Threads class SMR info:
_java_thread_list=0x000001f4170031c0, length=0, elements={
}

Java Threads: ( => current thread )

Other Threads:
  0x000001f41932a800 GCTaskThread "GC Thread#0" [stack: 0x000000bffdc00000,0x000000bffdd00000] [id=14744]

[error occurred during error reporting (printing all threads), id 0xc0000005, EXCEPTION_ACCESS_VIOLATION (0xc0000005) at pc=0x00007ffb7fd48690]

VM state:not at safepoint (not fully initialized)

VM Mutex/Monitor currently owned by a thread:  ([mutex/lock_event])
[0x000001f41930c910] Heap_lock - owner thread: 0x000001f419310800

Heap address: 0x0000000582200000, size: 10206 MB, Compressed Oops mode: Non-zero based: 0x0000000582200000
Narrow klass base: 0x0000000000000000, Narrow klass shift: 0

GC Heap History (0 events):
No events

Deoptimization events (0 events):
No events

Classes redefined (0 events):
No events

Internal exceptions (0 events):
No events

Events (1 events):
Event: 0.007 Loaded shared library C:\Program Files\JetBrains\PyCharm 2021.2.1\jbr\bin\zip.dll


Dynamic libraries:
0x00007ff61ce30000 - 0x00007ff61ce3a000 	C:\Program Files\JetBrains\PyCharm 2021.2.1\jbr\bin\java.exe
0x00007ffc025f0000 - 0x00007ffc027e5000 	C:\WINDOWS\SYSTEM32\ntdll.dll
0x00007ffc00df0000 - 0x00007ffc00eae000 	C:\WINDOWS\System32\KERNEL32.DLL
0x00007ffbfff20000 - 0x00007ffc001e9000 	C:\WINDOWS\System32\KERNELBASE.dll
0x00007ffc001f0000 - 0x00007ffc002f0000 	C:\WINDOWS\System32\ucrtbase.dll
0x00007ffbe2880000 - 0x00007ffbe2897000 	C:\Program Files\JetBrains\PyCharm 2021.2.1\jbr\bin\VCRUNTIME140.dll
0x00007ffbdb340000 - 0x00007ffbdb359000 	C:\Program Files\JetBrains\PyCharm 2021.2.1\jbr\bin\jli.dll
0x00007ffc01820000 - 0x00007ffc019c1000 	C:\WINDOWS\System32\USER32.dll
0x00007ffbffef0000 - 0x00007ffbfff12000 	C:\WINDOWS\System32\win32u.dll
0x00007ffc01b70000 - 0x00007ffc01b9b000 	C:\WINDOWS\System32\GDI32.dll
0x00007ffbe64b0000 - 0x00007ffbe674a000 	C:\WINDOWS\WinSxS\amd64_microsoft.windows.common-controls_6595b64144ccf1df_6.0.19041.1110_none_60b5254171f9507e\COMCTL32.dll
0x00007ffc004d0000 - 0x00007ffc005db000 	C:\WINDOWS\System32\gdi32full.dll
0x00007ffc00700000 - 0x00007ffc0079e000 	C:\WINDOWS\System32\msvcrt.dll
0x00007ffc003a0000 - 0x00007ffc0043d000 	C:\WINDOWS\System32\msvcp_win.dll
0x00007ffc022e0000 - 0x00007ffc02310000 	C:\WINDOWS\System32\IMM32.DLL
0x00007ffbc08d0000 - 0x00007ffbc096d000 	C:\Program Files\JetBrains\PyCharm 2021.2.1\jbr\bin\msvcp140.dll
0x00007ffb7fa60000 - 0x00007ffb805aa000 	C:\Program Files\JetBrains\PyCharm 2021.2.1\jbr\bin\server\jvm.dll
0x00007ffc01770000 - 0x00007ffc0181c000 	C:\WINDOWS\System32\ADVAPI32.dll
0x00007ffc00660000 - 0x00007ffc006fb000 	C:\WINDOWS\System32\sechost.dll
0x00007ffc02420000 - 0x00007ffc0254a000 	C:\WINDOWS\System32\RPCRT4.dll
0x00007ffc00de0000 - 0x00007ffc00de8000 	C:\WINDOWS\System32\PSAPI.DLL
0x00007ffbe45f0000 - 0x00007ffbe4617000 	C:\WINDOWS\SYSTEM32\WINMM.dll
0x00007ffbff890000 - 0x00007ffbff89a000 	C:\WINDOWS\SYSTEM32\VERSION.dll
0x00007ffbe1de0000 - 0x00007ffbe1de9000 	C:\WINDOWS\SYSTEM32\WSOCK32.dll
0x00007ffc01350000 - 0x00007ffc013bb000 	C:\WINDOWS\System32\WS2_32.dll
0x00007ffbfe520000 - 0x00007ffbfe532000 	C:\WINDOWS\SYSTEM32\kernel.appcore.dll
0x00007ffbf3fa0000 - 0x00007ffbf3fb1000 	C:\Program Files\JetBrains\PyCharm 2021.2.1\jbr\bin\verify.dll
0x00007ffbfdaa0000 - 0x00007ffbfdc84000 	C:\WINDOWS\SYSTEM32\DBGHELP.DLL
0x00007ffbf2ff0000 - 0x00007ffbf301c000 	C:\WINDOWS\SYSTEM32\dbgcore.DLL
0x00007ffc00440000 - 0x00007ffc004c3000 	C:\WINDOWS\System32\bcryptPrimitives.dll
0x00007ffbf3f70000 - 0x00007ffbf3f99000 	C:\Program Files\JetBrains\PyCharm 2021.2.1\jbr\bin\java.dll
0x00007ffbf67a0000 - 0x00007ffbf67ab000 	C:\Program Files\JetBrains\PyCharm 2021.2.1\jbr\bin\jimage.dll
0x00007ffbe4330000 - 0x00007ffbe4348000 	C:\Program Files\JetBrains\PyCharm 2021.2.1\jbr\bin\zip.dll

dbghelp: loaded successfully - version: 4.0.5 - missing functions: none
symbol engine: initialized successfully - sym options: 0x614 - pdb path: .;C:\Program Files\JetBrains\PyCharm 2021.2.1\jbr\bin;C:\WINDOWS\SYSTEM32;C:\WINDOWS\WinSxS\amd64_microsoft.windows.common-controls_6595b64144ccf1df_6.0.19041.1110_none_60b5254171f9507e;C:\Program Files\JetBrains\PyCharm 2021.2.1\jbr\bin\server

VM Arguments:
java_command: git4idea.http.GitAskPassApp Username for 'https://github.com': 
java_class_path (initial): C:/Program Files/JetBrains/PyCharm 2021.2.1/plugins/git4idea/lib/git4idea-rt.jar;C:/Program Files/JetBrains/PyCharm 2021.2.1/lib/3rd-party.jar
Launcher Type: SUN_STANDARD

[Global flags]
     intx CICompilerCount                          = 12                                        {product} {ergonomic}
     uint ConcGCThreads                            = 3                                         {product} {ergonomic}
     uint G1ConcRefinementThreads                  = 13                                        {product} {ergonomic}
   size_t G1HeapRegionSize                         = 2097152                                   {product} {ergonomic}
    uintx GCDrainStackTargetSize                   = 64                                        {product} {ergonomic}
   size_t InitialHeapSize                          = 668991488                                 {product} {ergonomic}
   size_t MarkStackSize                            = 4194304                                   {product} {ergonomic}
   size_t MaxHeapSize                              = 10701766656                               {product} {ergonomic}
   size_t MinHeapDeltaBytes                        = 2097152                                   {product} {ergonomic}
    uintx NonNMethodCodeHeapSize                   = 7594288                                {pd product} {ergonomic}
    uintx NonProfiledCodeHeapSize                  = 122031976                              {pd product} {ergonomic}
    uintx ProfiledCodeHeapSize                     = 122031976                              {pd product} {ergonomic}
    uintx ReservedCodeCacheSize                    = 251658240                              {pd product} {ergonomic}
     bool SegmentedCodeCache                       = true                                      {product} {ergonomic}
     bool UseCompressedClassPointers               = true                                 {lp64_product} {ergonomic}
     bool UseCompressedOops                        = true                                 {lp64_product} {ergonomic}
     bool UseG1GC                                  = true                                      {product} {ergonomic}
     bool UseLargePagesIndividualAllocation        = false                                  {pd product} {ergonomic}

Logging:
Log output configuration:
 #0: stdout all=warning uptime,level,tags
 #1: stderr all=off uptime,level,tags

Environment Variables:
PATH=C:/Program Files/Git/mingw64/libexec/git-core;C:/Program Files/Git/mingw64/libexec/git-core;C:\Program Files\Git\mingw64\bin;C:\Program Files\Git\usr\bin;C:\Users\Frank\bin;C:\Users\Frank\.conda\envs\aisafety;C:\Users\Frank\.conda\envs\aisafety\Library\mingw-w64\bin;C:\Users\Frank\.conda\envs\aisafety\Library\usr\bin;C:\Users\Frank\.conda\envs\aisafety\Library\bin;C:\Users\Frank\.conda\envs\aisafety\Scripts;C:\Users\Frank\.conda\envs\aisafety\bin;H:\Anaconda\condabin;C:\Program Files (x86)\Razer Chroma SDK\bin;C:\Program Files\Razer Chroma SDK\bin;C:\Program Files\NVIDIA GPU Computing Toolkit\CUDA\v11.2\bin;C:\Program Files\NVIDIA GPU Computing Toolkit\CUDA\v11.2\libnvvp;C:\Program Files (x86)\VMware\VMware Workstation\bin;C:\Program Files (x86)\Razer\ChromaBroadcast\bin;C:\Program Files\Razer\ChromaBroadcast\bin;C:\Program Files\Common Files\Oracle\Java\javapath;C:\Windows\system32;C:\Windows;C:\Windows\System32\Wbem;C:\Windows\System32\WindowsPowerShell\v1.0;C:\Windows\System32\OpenSSH;C:\WINDOWS\system32;C:\WINDOWS;C:\WINDOWS\System32\Wbem;C:\WINDOWS\System32\WindowsPowerShell\v1.0;C:\WINDOWS\System32\OpenSSH;C:\Program Files (x86)\Common Files\Acronis\VirtualFile;C:\Program Files (x86)\Common Files\Acronis\VirtualFile64;C:\Program Files (x86)\Common Files\Acronis\FileProtector;C:\Program Files (x86)\Common Files\Acronis\FileProtector64;C:\Program Files (x86)\Common Files\Acronis\SnapAPI;C:\Program Files\Git\cmd;C:\Program Files\dotnet;C:\Program Files\Microsoft SQL Server\130\Tools\Binn;C:\Program Files\Microsoft SQL Server\Client SDK\ODBC\170\Tools\Binn;H:\Halcon\bin\x64-win64;C:\WINDOWS\system32\config\systemprofile\AppData\Local\Microsoft\WindowsApps;C:\Program Files\NVIDIA Corporation\Nsight Compute 2020.3.0;C:\Program Files (x86)\NVIDIA Corporation\PhysX\Common;C:\Program Files\NVIDIA Corporation\NVIDIA NvDLISR;H:\Halcon\bin\x64-win64;C:\Users\Frank\AppData\Local\Programs\Python\Python39\Scripts;C:\Users\Frank\AppData\Local\Programs\Python\Python39;C:\Use
USERNAME=Frank
DISPLAY=:0.0
LC_ALL=en_US.UTF-8
OS=Windows_NT
PROCESSOR_IDENTIFIER=Intel64 Family 6 Model 165 Stepping 2, GenuineIntel



---------------  S Y S T E M  ---------------

OS: Windows 10 , 64 bit Build 19041 (10.0.19041.1202)
OS uptime: 30 days 3:20 hours

CPU:total 16 (initial active 16) (8 cores per cpu, 2 threads per core) family 6 model 165 stepping 2 microcode 0xc8, cmov, cx8, fxsr, mmx, sse, sse2, sse3, ssse3, sse4.1, sse4.2, popcnt, avx, avx2, aes, clmul, erms, 3dnowpref, lzcnt, ht, tsc, tscinvbit, bmi1, bmi2, adx, fma

Memory: 4k page, system-wide physical 40816M (20000M free)
TotalPageFile size 71006M (AvailPageFile size 5M)
current process WorkingSet (physical memory assigned to process): 10M, peak: 10M
current process commit charge ("private bytes"): 64M, peak: 65M

vm_info: OpenJDK 64-Bit Server VM (11.0.11+9-b1504.16) for windows-amd64 JRE (11.0.11+9-b1504.16), built on Aug  9 2021 01:34:19 by "" with MS VC++ 14.0 (VS2015)

END.
